0 info it worked if it ends with ok
1 verbose cli [ 'C:\\Program Files\\nodejs\\node.exe',
1 verbose cli   'C:\\Program Files\\nodejs\\node_modules\\npm\\bin\\npm-cli.js',
1 verbose cli   'start' ]
2 info using npm@4.1.2
3 info using node@v7.6.0
4 verbose run-script [ 'prestart', 'start', 'poststart' ]
5 info lifecycle chapter2@0.0.0~prestart: chapter2@0.0.0
6 silly lifecycle chapter2@0.0.0~prestart: no script for prestart, continuing
7 info lifecycle chapter2@0.0.0~start: chapter2@0.0.0
8 verbose lifecycle chapter2@0.0.0~start: unsafe-perm in lifecycle true
9 verbose lifecycle chapter2@0.0.0~start: PATH: C:\Program Files\nodejs\node_modules\npm\bin\node-gyp-bin;D:\SEIF\Insat\GL4\2016-2017\Semestre II\ArchiLogicielles\GL4.Architectures logicielles.Chap2\TP2 Enoncé et Ressources\blueprints\blueprints-ch2\node_modules\.bin;C:\ProgramData\Oracle\Java\javapath;C:\Program Files (x86)\NVIDIA Corporation\PhysX\Common;C:\Program Files\Common Files\Microsoft Shared\Windows Live;C:\ProgramData\Oracle\Java\javapath;C:\Program Files (x86)\NVIDIA Corporation\PhysX\Common;%CommonProgramFiles%\Microsoft Shared\Windows Live;C:\ProgramData\Oracle\Java\javapath;C:\Program Files (x86)\NVIDIA Corporation\PhysX\Common;%CommonProgramFiles%\Microsoft Shared\Windows Live;C:\Windows\System32;C:\Windows\system32;C:\Windows;C:\Windows\System32\Wbem;C:\Windows\System32\WindowsPowerShell\v1.0\;C:\Windows\system32;C:\Windows;C:\Windows\System32\Wbem;C:\Windows\System32\WindowsPowerShell\v1.0\;C:\Program Files (x86)\Windows Kits\8.1\Windows Performance Toolkit\;C:\Program Files\Microsoft SQL Server\110\Tools\Binn\;C:\Program Files (x86)\Microsoft SDKs\TypeScript\1.0\;C:\Program Files\Microsoft SQL Server\120\Tools\Binn\;C:\Program Files (x86)\Microsoft SQL Server\80\Tools\Binn\;C:\Program Files (x86)\Common Files\AspenTech Shared\;C:\Windows\SysWOW64?;C:\Program Files\Java\jdk1.8.0_31\bin;C:\Program Files\MATLAB\R2016b\bin;C:\Program Files\nodejs\;C:\MinGW;C:\MinGW\bin;C:\MinGW\msys\1.0\bin;C:\Program Files\Git\cmd;C:\Program Files (x86)\Skype\Phone\;C:\Windows\system32;C:\Windows;C:\Windows\System32\Wbem;C:\Windows\System32\WindowsPowerShell\v1.0\;C:\Windows\system32;C:\Windows;C:\Windows\System32\Wbem;C:\Windows\System32\WindowsPowerShell\v1.0\;C:\Program Files (x86)\Windows Kits\8.1\Windows Performance Toolkit\;C:\Program Files\Microsoft SQL Server\110\Tools\Binn\;C:\Program Files (x86)\Microsoft SDKs\TypeScript\1.0\;C:\Program Files\Microsoft SQL Server\120\Tools\Binn\;C:\Program Files (x86)\Microsoft SQL Server\80\Tools\Binn\;C:\Program Files (x86)\Common Files\AspenTech Shared\;C:\Windows\SysWOW64?;C:\Program Files\Java\jdk1.8.0_31\bin;C:\Program Files\MATLAB\R2016b\bin;C:\Program Files\nodejs\;C:\MinGW;C:\MinGW\bin;C:\MinGW\msys\1.0\bin;C:\Program Files\Git\cmd;C:\Program Files (x86)\Skype\Phone\;C:\Windows\system32;C:\Windows;C:\Windows\System32\Wbem;C:\Windows\System32\WindowsPowerShell\v1.0\;C:\Windows\system32;C:\Windows;C:\Windows\System32\Wbem;C:\Windows\System32\WindowsPowerShell\v1.0\;C:\Program Files (x86)\Windows Kits\8.1\Windows Performance Toolkit\;C:\Program Files\Microsoft SQL Server\110\Tools\Binn\;C:\Program Files (x86)\Microsoft SDKs\TypeScript\1.0\;C:\Program Files\Microsoft SQL Server\120\Tools\Binn\;C:\Program Files (x86)\Microsoft SQL Server\80\Tools\Binn\;C:\Program Files (x86)\Common Files\AspenTech Shared\;C:\Windows\SysWOW64?;C:\Program Files\Java\jdk1.8.0_31\bin;C:\Program Files\MATLAB\R2016b\bin;C:\Program Files\nodejs\;C:\MinGW;C:\MinGW\bin;C:\MinGW\msys\1.0\bin;C:\Program Files\Git\cmd;C:\Program Files (x86)\Skype\Phone\;C:\Program Files (x86)\Common Files\Microsoft Shared\Windows Live;C:\Users\saif\AppData\Local\atom\bin;C:\Program Files\Java\jdk1.8.0_31\bin;C:\Program Files (x86)\Microsoft VS Code\bin;C:\Users\saif\AppData\Roaming\npm;C:\Program Files\Heroku\bin
10 verbose lifecycle chapter2@0.0.0~start: CWD: D:\SEIF\Insat\GL4\2016-2017\Semestre II\ArchiLogicielles\GL4.Architectures logicielles.Chap2\TP2 Enoncé et Ressources\blueprints\blueprints-ch2
11 silly lifecycle chapter2@0.0.0~start: Args: [ '/d /s /c', 'node app.js' ]
12 silly lifecycle chapter2@0.0.0~start: Returned: code: 3221225786  signal: null
13 info lifecycle chapter2@0.0.0~start: Failed to exec start script
14 verbose stack Error: chapter2@0.0.0 start: `node app.js`
14 verbose stack Exit status 3221225786
14 verbose stack     at EventEmitter.<anonymous> (C:\Program Files\nodejs\node_modules\npm\lib\utils\lifecycle.js:279:16)
14 verbose stack     at emitTwo (events.js:106:13)
14 verbose stack     at EventEmitter.emit (events.js:192:7)
14 verbose stack     at ChildProcess.<anonymous> (C:\Program Files\nodejs\node_modules\npm\lib\utils\spawn.js:40:14)
14 verbose stack     at emitTwo (events.js:106:13)
14 verbose stack     at ChildProcess.emit (events.js:192:7)
14 verbose stack     at maybeClose (internal/child_process.js:890:16)
14 verbose stack     at Process.ChildProcess._handle.onexit (internal/child_process.js:226:5)
15 verbose pkgid chapter2@0.0.0
16 verbose cwd D:\SEIF\Insat\GL4\2016-2017\Semestre II\ArchiLogicielles\GL4.Architectures logicielles.Chap2\TP2 Enoncé et Ressources\blueprints\blueprints-ch2
17 error Windows_NT 6.1.7601
18 error argv "C:\\Program Files\\nodejs\\node.exe" "C:\\Program Files\\nodejs\\node_modules\\npm\\bin\\npm-cli.js" "start"
19 error node v7.6.0
20 error npm  v4.1.2
21 error code ELIFECYCLE
22 error chapter2@0.0.0 start: `node app.js`
22 error Exit status 3221225786
23 error Failed at the chapter2@0.0.0 start script 'node app.js'.
23 error Make sure you have the latest version of node.js and npm installed.
23 error If you do, this is most likely a problem with the chapter2 package,
23 error not with npm itself.
23 error Tell the author that this fails on your system:
23 error     node app.js
23 error You can get information on how to open an issue for this project with:
23 error     npm bugs chapter2
23 error Or if that isn't available, you can get their info via:
23 error     npm owner ls chapter2
23 error There is likely additional logging output above.
24 verbose exit [ 1, true ]
